# JRE version: OpenJDK Runtime Environment (11.0.11+9) (build 11.0.11+9-b60-7590822)
# Java VM: OpenJDK 64-Bit Server VM (11.0.11+9-b60-7590822, mixed mode, tiered, compressed oops, g1 gc, windows-amd64)
Heap:
 garbage-first heap   total 260096K, used 61504K [0x0000000080000000, 0x0000000100000000)
  region size 1024K, 45 young (46080K), 13 survivors (13312K)
 Metaspace       used 48380K, capacity 49761K, committed 49792K, reserved 1093632K
  class space    used 6250K, capacity 6762K, committed 6784K, reserved 1048576K
GC Heap History (10 events):
Event: 4.129 GC heap before
{Heap before GC invocations=0 (full 0):
 garbage-first heap   total 260096K, used 30720K [0x0000000080000000, 0x0000000100000000)
  region size 1024K, 24 young (24576K), 0 survivors (0K)
 Metaspace       used 9850K, capacity 10050K, committed 10112K, reserved 1058816K
  class space    used 1027K, capacity 1102K, committed 1152K, reserved 1048576K
}
Event: 4.133 GC heap after
{Heap after GC invocations=1 (full 0):
 garbage-first heap   total 260096K, used 9267K [0x0000000080000000, 0x0000000100000000)
  region size 1024K, 3 young (3072K), 3 survivors (3072K)
 Metaspace       used 9850K, capacity 10050K, committed 10112K, reserved 1058816K
  class space    used 1027K, capacity 1102K, committed 1152K, reserved 1048576K
}
Event: 8.038 GC heap before
{Heap before GC invocations=1 (full 0):
 garbage-first heap   total 260096K, used 112691K [0x0000000080000000, 0x0000000100000000)
  region size 1024K, 105 young (107520K), 3 survivors (3072K)
 Metaspace       used 20760K, capacity 21149K, committed 21296K, reserved 1069056K
  class space    used 2561K, capacity 2716K, committed 2816K, reserved 1048576K
}
Event: 8.046 GC heap after
{Heap after GC invocations=2 (full 0):
 garbage-first heap   total 260096K, used 16746K [0x0000000080000000, 0x0000000100000000)
  region size 1024K, 11 young (11264K), 11 survivors (11264K)
 Metaspace       used 20760K, capacity 21149K, committed 21296K, reserved 1069056K
  class space    used 2561K, capacity 2716K, committed 2816K, reserved 1048576K
}
Event: 8.456 GC heap before
{Heap before GC invocations=3 (full 0):
 garbage-first heap   total 260096K, used 59754K [0x0000000080000000, 0x0000000100000000)
  region size 1024K, 53 young (54272K), 11 survivors (11264K)
 Metaspace       used 25088K, capacity 25705K, committed 25728K, reserved 1071104K
  class space    used 3224K, capacity 3452K, committed 3456K, reserved 1048576K
}
Event: 8.463 GC heap after
{Heap after GC invocations=4 (full 0):
 garbage-first heap   total 260096K, used 18774K [0x0000000080000000, 0x0000000100000000)
  region size 1024K, 3 young (3072K), 3 survivors (3072K)
 Metaspace       used 25088K, capacity 25705K, committed 25728K, reserved 1071104K
  class space    used 3224K, capacity 3452K, committed 3456K, reserved 1048576K
}
Event: 9.907 GC heap before
{Heap before GC invocations=4 (full 0):
 garbage-first heap   total 260096K, used 88406K [0x0000000080000000, 0x0000000100000000)
  region size 1024K, 72 young (73728K), 3 survivors (3072K)
 Metaspace       used 35071K, capacity 35804K, committed 35840K, reserved 1081344K
  class space    used 4560K, capacity 4847K, committed 4864K, reserved 1048576K
}
Event: 9.914 GC heap after
{Heap after GC invocations=5 (full 0):
 garbage-first heap   total 260096K, used 22334K [0x0000000080000000, 0x0000000100000000)
  region size 1024K, 6 young (6144K), 6 survivors (6144K)
 Metaspace       used 35071K, capacity 35804K, committed 35840K, reserved 1081344K
  class space    used 4560K, capacity 4847K, committed 4864K, reserved 1048576K
}
Event: 11.624 GC heap before
{Heap before GC invocations=6 (full 0):
 garbage-first heap   total 260096K, used 156478K [0x0000000080000000, 0x0000000100000000)
  region size 1024K, 134 young (137216K), 6 survivors (6144K)
 Metaspace       used 45872K, capacity 46978K, committed 47104K, reserved 1089536K
  class space    used 5911K, capacity 6320K, committed 6400K, reserved 1048576K
}
Event: 11.636 GC heap after
{Heap after GC invocations=7 (full 0):
 garbage-first heap   total 260096K, used 29760K [0x0000000080000000, 0x0000000100000000)
  region size 1024K, 13 young (13312K), 13 survivors (13312K)
 Metaspace       used 45872K, capacity 46978K, committed 47104K, reserved 1089536K
  class space    used 5911K, capacity 6320K, committed 6400K, reserved 1048576K
}

